CanTherm execution initiated at Thu Feb  8 16:17:14 2018

###############################################################
#                                                             #
#                          CanTherm                           #
#                                                             #
#   Version: 2.1.0                                            #
#   Authors: RMG Developers (rmg_dev@mit.edu)                 #
#   P.I.s:   William H. Green (whgreen@mit.edu)               #
#            Richard H. West (r.west@neu.edu)                 #
#   Website: http://reactionmechanismgenerator.github.io/     #
#                                                             #
###############################################################

Loading species GS...
Loading transition state TS...
Error: The input file 'input.py' was invalid:
CanTherm execution initiated at Thu Feb  8 16:51:05 2018

###############################################################
#                                                             #
#                          CanTherm                           #
#                                                             #
#   Version: 2.1.0                                            #
#   Authors: RMG Developers (rmg_dev@mit.edu)                 #
#   P.I.s:   William H. Green (whgreen@mit.edu)               #
#            Richard H. West (r.west@neu.edu)                 #
#   Website: http://reactionmechanismgenerator.github.io/     #
#                                                             #
###############################################################

Loading species GS...
Loading transition state TS...
CanTherm execution initiated at Thu Feb  8 16:52:00 2018

###############################################################
#                                                             #
#                          CanTherm                           #
#                                                             #
#   Version: 2.1.0                                            #
#   Authors: RMG Developers (rmg_dev@mit.edu)                 #
#   P.I.s:   William H. Green (whgreen@mit.edu)               #
#            Richard H. West (r.west@neu.edu)                 #
#   Website: http://reactionmechanismgenerator.github.io/     #
#                                                             #
###############################################################

Loading species GS...
Loading transition state TS...
Loading reaction Test...


Loading statistical mechanics parameters for GS...
Saving statistical mechanics parameters for GS...
Loading statistical mechanics parameters for TS...
Saving statistical mechanics parameters for TS...
Generating NASA thermo model for GS...
Saving thermo for GS...
Generating Arrhenius kinetics model for Arrhenius...
Saving kinetics for GS <=> ...

CanTherm execution terminated at Thu Feb  8 16:52:00 2018
Memory used: 74.12 MB
CanTherm execution initiated at Thu Feb  8 16:54:08 2018

###############################################################
#                                                             #
#                          CanTherm                           #
#                                                             #
#   Version: 2.1.0                                            #
#   Authors: RMG Developers (rmg_dev@mit.edu)                 #
#   P.I.s:   William H. Green (whgreen@mit.edu)               #
#            Richard H. West (r.west@neu.edu)                 #
#   Website: http://reactionmechanismgenerator.github.io/     #
#                                                             #
###############################################################

Loading species GS...
Loading transition state TS...
Loading reaction Test...


Loading statistical mechanics parameters for GS...
Saving statistical mechanics parameters for GS...
Loading statistical mechanics parameters for TS...
Saving statistical mechanics parameters for TS...
Generating NASA thermo model for GS...
Saving thermo for GS...
Generating Arrhenius kinetics model for Arrhenius...
Saving kinetics for GS <=> ...

CanTherm execution terminated at Thu Feb  8 16:54:09 2018
Memory used: 74.25 MB
CanTherm execution initiated at Thu Feb  8 17:01:17 2018

###############################################################
#                                                             #
#                          CanTherm                           #
#                                                             #
#   Version: 2.1.0                                            #
#   Authors: RMG Developers (rmg_dev@mit.edu)                 #
#   P.I.s:   William H. Green (whgreen@mit.edu)               #
#            Richard H. West (r.west@neu.edu)                 #
#   Website: http://reactionmechanismgenerator.github.io/     #
#                                                             #
###############################################################

Loading species GS...
Loading transition state TS...
Loading reaction Test...


Loading statistical mechanics parameters for GS...
Saving statistical mechanics parameters for GS...
Loading statistical mechanics parameters for TS...
Saving statistical mechanics parameters for TS...
Generating NASA thermo model for GS...
Saving thermo for GS...
Generating Arrhenius kinetics model for Arrhenius...
Saving kinetics for GS <=> ...

CanTherm execution terminated at Thu Feb  8 17:01:18 2018
Memory used: 74.00 MB
CanTherm execution initiated at Thu Feb  8 18:23:08 2018

###############################################################
#                                                             #
#                          CanTherm                           #
#                                                             #
#   Version: 2.1.0                                            #
#   Authors: RMG Developers (rmg_dev@mit.edu)                 #
#   P.I.s:   William H. Green (whgreen@mit.edu)               #
#            Richard H. West (r.west@neu.edu)                 #
#   Website: http://reactionmechanismgenerator.github.io/     #
#                                                             #
###############################################################

Loading species GS...
Loading transition state TS...
Loading reaction Test...


Loading statistical mechanics parameters for GS...
Saving statistical mechanics parameters for GS...
Loading statistical mechanics parameters for TS...
Saving statistical mechanics parameters for TS...
Generating NASA thermo model for GS...
Saving thermo for GS...
Generating Arrhenius kinetics model for Arrhenius...
Saving kinetics for GS <=> ...

CanTherm execution terminated at Thu Feb  8 18:23:09 2018
Memory used: 74.25 MB
